#
# There is insufficient memory for the Java Runtime Environment to continue.
# Native memory allocation (malloc) failed to allocate 1048576 bytes for AllocateHeap
# Possible reasons:
#   The system is out of physical RAM or swap space
#   The process is running with CompressedOops enabled, and the Java Heap may be blocking the growth of the native heap
# Possible solutions:
#   Reduce memory load on the system
#   Increase physical memory or swap space
#   Check if swap backing store is full
#   Decrease Java heap size (-Xmx/-Xms)
#   Decrease number of Java threads
#   Decrease Java thread stack sizes (-Xss)
#   Set larger code cache with -XX:ReservedCodeCacheSize=
#   JVM is running with Unscaled Compressed Oops mode in which the Java heap is
#     placed in the first 4GB address space. The Java Heap base address is the
#     maximum limit for the native heap growth. Please use -XX:HeapBaseMinAddress
#     to set the Java Heap base and to place the Java Heap above 4GB virtual address.
# This output file may be truncated or incomplete.
#
#  Out of Memory Error (./src/hotspot/share/memory/allocation.cpp:46), pid=13328, tid=16504
#
# JRE version:  (11.0.10+9) (build )
# Java VM: Dynamic Code Evolution 64-Bit Server VM (11.0.10+9-b1341.35, mixed mode, sharing, tiered, compressed oops, g1 gc, windows-amd64)
# No core dump will be written. Minidumps are not enabled by default on client versions of Windows
#

---------------  S U M M A R Y ------------

Command Line: org.jetbrains.git4idea.http.GitAskPassApp Username for 'https://gitlab.decipherzone.com': 

Host: Intel(R) Core(TM) i3-5005U CPU @ 2.00GHz, 4 cores, 7G,  Windows 10 , 64 bit Build 19041 (10.0.19041.1023)
Time: Fri Jul 16 20:29:36 2021 India Standard Time elapsed time: 0.113089 seconds (0d 0h 0m 0s)

---------------  T H R E A D  ---------------

Current thread (0x000001c0728ce000):  JavaThread "Unknown thread" [_thread_in_vm, id=16504, stack(0x00000033a8b00000,0x00000033a8c00000)]

Stack: [0x00000033a8b00000,0x00000033a8c00000]
Native frames: (J=compiled Java code, j=interpreted, Vv=VM code, C=native code)
V  [jvm.dll+0x5f84fa]
V  [jvm.dll+0x77e085]
V  [jvm.dll+0x77f5dd]
V  [jvm.dll+0x77fc93]
V  [jvm.dll+0x2457e8]
V  [jvm.dll+0xb4b54]
V  [jvm.dll+0x2d7e48]
V  [jvm.dll+0x75c4c7]
V  [jvm.dll+0x75dd6c]
V  [jvm.dll+0x35cdb9]
V  [jvm.dll+0x73fc9e]
V  [jvm.dll+0x3c5663]
V  [jvm.dll+0x3c7a21]
C  [jli.dll+0x5373]
C  [ucrtbase.dll+0x21bb2]
C  [KERNEL32.DLL+0x17034]
C  [ntdll.dll+0x52651]


---------------  P R O C E S S  ---------------

Threads class SMR info:
_java_thread_list=0x000001c072701b40, length=0, elements={
}

Java Threads: ( => current thread )

Other Threads:

=>0x000001c0728ce000 (exited) JavaThread "Unknown thread" [_thread_in_vm, id=16504, stack(0x00000033a8b00000,0x00000033a8c00000)]

Threads with active compile tasks:

VM state:not at safepoint (not fully initialized)

VM Mutex/Monitor currently owned by a thread: None


[error occurred during error reporting (printing compressed oops mode), id 0xc0000005, EXCEPTION_ACCESS_VIOLATION (0xc0000005) at pc=0x00007ff8fad0d317]

GC Heap History (0 events):
No events

Deoptimization events (0 events):
No events

Classes redefined (0 events):
No events

Internal exceptions (0 events):
No events

Events (1 events):
Event: 0.062 Loaded shared library E:\WebStorm 2021.1\jbr\bin\zip.dll


Dynamic libraries:
0x00007ff646090000 - 0x00007ff64609a000 	E:\WebStorm 2021.1\jbr\bin\java.exe
0x00007ff93c6f0000 - 0x00007ff93c8e5000 	C:\WINDOWS\SYSTEM32\ntdll.dll
0x00007ff93b8c0000 - 0x00007ff93b97d000 	C:\WINDOWS\System32\KERNEL32.DLL
0x00007ff93a020000 - 0x00007ff93a2e9000 	C:\WINDOWS\System32\KERNELBASE.dll
0x00007ff93a660000 - 0x00007ff93a760000 	C:\WINDOWS\System32\ucrtbase.dll
0x00007ff91d630000 - 0x00007ff91d647000 	E:\WebStorm 2021.1\jbr\bin\VCRUNTIME140.dll
0x00007ff91d610000 - 0x00007ff91d629000 	E:\WebStorm 2021.1\jbr\bin\jli.dll
0x00007ff93a760000 - 0x00007ff93a900000 	C:\WINDOWS\System32\USER32.dll
0x00007ff939e90000 - 0x00007ff939eb2000 	C:\WINDOWS\System32\win32u.dll
0x00007ff93aa60000 - 0x00007ff93aa8a000 	C:\WINDOWS\System32\GDI32.dll
0x00007ff939ec0000 - 0x00007ff939fcb000 	C:\WINDOWS\System32\gdi32full.dll
0x00007ff93a430000 - 0x00007ff93a4cd000 	C:\WINDOWS\System32\msvcp_win.dll
0x00007ff9298e0000 - 0x00007ff929b7a000 	C:\WINDOWS\WinSxS\amd64_microsoft.windows.common-controls_6595b64144ccf1df_6.0.19041.1083_none_60bbe31371f34e71\COMCTL32.dll
0x00007ff93c550000 - 0x00007ff93c5ee000 	C:\WINDOWS\System32\msvcrt.dll
0x00007ff93aa90000 - 0x00007ff93aac0000 	C:\WINDOWS\System32\IMM32.DLL
0x00007ff8f8e80000 - 0x00007ff8f8f1d000 	E:\WebStorm 2021.1\jbr\bin\msvcp140.dll
0x00007ff8fa5b0000 - 0x00007ff8fb0ff000 	E:\WebStorm 2021.1\jbr\bin\server\jvm.dll
0x00007ff93c000000 - 0x00007ff93c0ac000 	C:\WINDOWS\System32\ADVAPI32.dll
0x00007ff93bf00000 - 0x00007ff93bf9b000 	C:\WINDOWS\System32\sechost.dll
0x00007ff93ba40000 - 0x00007ff93bb6a000 	C:\WINDOWS\System32\RPCRT4.dll
0x00007ff93bcc0000 - 0x00007ff93bcc8000 	C:\WINDOWS\System32\PSAPI.DLL
0x00007ff928410000 - 0x00007ff928419000 	C:\WINDOWS\SYSTEM32\WSOCK32.dll
0x00007ff928bd0000 - 0x00007ff928bf7000 	C:\WINDOWS\SYSTEM32\WINMM.dll
0x00007ff929c70000 - 0x00007ff929c7a000 	C:\WINDOWS\SYSTEM32\VERSION.dll
0x00007ff93be90000 - 0x00007ff93befb000 	C:\WINDOWS\System32\WS2_32.dll
0x00007ff9386f0000 - 0x00007ff938702000 	C:\WINDOWS\SYSTEM32\kernel.appcore.dll
0x00007ff934f40000 - 0x00007ff934f51000 	E:\WebStorm 2021.1\jbr\bin\verify.dll
0x00007ff9383c0000 - 0x00007ff9385a4000 	C:\WINDOWS\SYSTEM32\DBGHELP.DLL
0x00007ff927c20000 - 0x00007ff927c4c000 	C:\WINDOWS\SYSTEM32\dbgcore.DLL
0x00007ff93a2f0000 - 0x00007ff93a373000 	C:\WINDOWS\System32\bcryptPrimitives.dll
0x00007ff934f10000 - 0x00007ff934f39000 	E:\WebStorm 2021.1\jbr\bin\java.dll
0x00007ff934f00000 - 0x00007ff934f0b000 	E:\WebStorm 2021.1\jbr\bin\jimage.dll
0x00007ff934ee0000 - 0x00007ff934ef8000 	E:\WebStorm 2021.1\jbr\bin\zip.dll

dbghelp: loaded successfully - version: 4.0.5 - missing functions: none
symbol engine: initialized successfully - sym options: 0x614 - pdb path: .;E:\WebStorm 2021.1\jbr\bin;C:\WINDOWS\SYSTEM32;C:\WINDOWS\WinSxS\amd64_microsoft.windows.common-controls_6595b64144ccf1df_6.0.19041.1083_none_60bbe31371f34e71;E:\WebStorm 2021.1\jbr\bin\server

VM Arguments:
java_command: org.jetbrains.git4idea.http.GitAskPassApp Username for 'https://gitlab.decipherzone.com': 
java_class_path (initial): E:/WebStorm 2021.1/plugins/git4idea/lib/git4idea-rt.jar;E:/WebStorm 2021.1/lib/xmlrpc-2.0.1.jar;E:/WebStorm 2021.1/lib/commons-codec-1.15.jar
Launcher Type: SUN_STANDARD

[Global flags]
     intx CICompilerCount                          = 3                                         {product} {ergonomic}
     uint G1ConcRefinementThreads                  = 4                                         {product} {ergonomic}
   size_t G1HeapRegionSize                         = 1048576                                   {product} {ergonomic}
    uintx GCDrainStackTargetSize                   = 64                                        {product} {ergonomic}
   size_t InitialHeapSize                          = 134217728                                 {product} {ergonomic}
   size_t MaxHeapSize                              = 2128609280                                {product} {ergonomic}
   size_t MinHeapDeltaBytes                        = 1048576                                   {product} {ergonomic}
    uintx NonNMethodCodeHeapSize                   = 5830732                                {pd product} {ergonomic}
    uintx NonProfiledCodeHeapSize                  = 122913754                              {pd product} {ergonomic}
    uintx ProfiledCodeHeapSize                     = 122913754                              {pd product} {ergonomic}
    uintx ReservedCodeCacheSize                    = 251658240                              {pd product} {ergonomic}
     bool SegmentedCodeCache                       = true                                      {product} {ergonomic}
     bool UseCompressedClassPointers               = true                                 {lp64_product} {ergonomic}
     bool UseCompressedOops                        = true                                 {lp64_product} {ergonomic}
     bool UseG1GC                                  = true                                      {product} {ergonomic}
     bool UseLargePagesIndividualAllocation        = false                                  {pd product} {ergonomic}

Logging:
Log output configuration:
 #0: stdout all=warning uptime,level,tags
 #1: stderr all=off uptime,level,tags

Environment Variables:
PATH=C:\Program Files\Git\mingw64\libexec\git-core;C:\Program Files\Git\mingw64\libexec\git-core;C:\Program Files\Git\mingw64\bin;C:\Program Files\Git\usr\bin;C:\Users\anuj\bin;C:\Program Files (x86)\Common Files\Oracle\Java\javapath;C:\WINDOWS\system32;C:\WINDOWS;C:\WINDOWS\System32\Wbem;C:\WINDOWS\System32\WindowsPowerShell\v1.0;C:\WINDOWS\System32\OpenSSH;C:\Program Files\nodejs;C:\ProgramData\chocolatey\bin;C:\Program Files\Git\cmd;C:\Program Files\MongoDB\Server\4.4\bin;C:\Users\anuj\AppData\Local\Programs\Python\Python39\Scripts;C:\Users\anuj\AppData\Local\Programs\Python\Python39;C:\Users\anuj\.windows-build-tools\python27;C:\Users\anuj\AppData\Local\Microsoft\WindowsApps;C:\Program Files\JetBrains\PyCharm 2020.2.3\bin;C:\Users\anuj\AppData\Local\Programs\Microsoft VS Code\bin;C:\Users\anuj\AppData\Roaming\npm;C:\Program Files\MongoDB\Server\4.4\bin;C:\Python39;C:\Users\anuj\AppData\Local\Programs\Python\Python39;C:\Users\anuj\AppData\Local\Programs\Python\Python39\Scripts;C:\Program Files\heroku\bin;C:\Program Files\Git\usr\bin;C:\Program Files\JetBrains\PyCharm 2020.3.5\bin;C:\Program Files\MongoDB\Server\4.4\bin;E:\WebStorm 2021.1\bin;C:\Users\anuj\AppData\Local\Microsoft\WindowsApps
USERNAME=anuj
DISPLAY=:0.0
LC_ALL=en_US.UTF-8
OS=Windows_NT
PROCESSOR_IDENTIFIER=Intel64 Family 6 Model 61 Stepping 4, GenuineIntel



---------------  S Y S T E M  ---------------

OS: Windows 10 , 64 bit Build 19041 (10.0.19041.1023)
OS uptime: 0 days 7:38 hours

CPU:total 4 (initial active 4) (2 cores per cpu, 2 threads per core) family 6 model 61 stepping 4 microcode 0x2d, cmov, cx8, fxsr, mmx, sse, sse2, sse3, ssse3, sse4.1, sse4.2, popcnt, avx, avx2, aes, clmul, erms, 3dnowpref, lzcnt, ht, tsc, tscinvbit, bmi1, bmi2, adx, fma

Memory: 4k page, system-wide physical 8112M (576M free)
TotalPageFile size 14522M (AvailPageFile size 4M)
current process WorkingSet (physical memory assigned to process): 9M, peak: 9M
current process commit charge ("private bytes"): 12M, peak: 13M

vm_info: Dynamic Code Evolution 64-Bit Server VM (11.0.10+9-b1341.35) for windows-amd64 JRE (11.0.10+9-b1341.35), built on Mar 31 2021 02:11:12 by "" with MS VC++ 14.0 (VS2015)

END.
